<?xml version="1.0" encoding="UTF-8"?>
<!-- Generated by org.testng.reporters.JUnitXMLReporter -->
<testsuite ignored="8" hostname="LPCAIQ1001" failures="0" tests="10" name="Regression_Chrome" time="99.246" errors="0" timestamp="2022-09-22T14:15:05 EET">
  <testcase classname="Login_Valid" name="valid_Login" time="7.36"/>
  <testcase classname="Logout" name="logout" time="7.124"/>
  <testcase classname="Login_Invalid" name="Invalid_Login" time="6.904"/>
  <testcase classname="Login_Invalid" name="Invalid_Login" time="6.117"/>
  <testcase classname="Login_Invalid" name="Invalid_Login" time="6.178"/>
  <testcase classname="Login_Invalid" name="Empty_Invalid_Login" time="6.051"/>
  <testcase classname="Login_Invalid" name="Empty_Invalid_Login" time="6.167"/>
  <testcase classname="Login_Invalid" name="Empty_Invalid_Login" time="6.097"/>
  <testcase classname="ForgetPassword" name="Forget_Pass" time="8.264"/>
  <testcase classname="SocialAccounts" name="Navigate2Socail" time="25.439"/>
  <testcase classname="Orange_Login.BaseClass" name="@AfterTest aftertest" time="0.0">
    <ignored/>
  </testcase> <!-- @AfterTest aftertest -->
  <testcase classname="Orange_Login.BaseClass" name="@AfterTest aftertest" time="0.0">
    <ignored/>
  </testcase> <!-- @AfterTest aftertest -->
  <testcase classname="Orange_Login.BaseClass" name="@AfterTest aftertest" time="0.0">
    <ignored/>
  </testcase> <!-- @AfterTest aftertest -->
  <testcase classname="Orange_Login.BaseClass" name="@BeforeTest open_browser" time="0.0">
    <ignored/>
  </testcase> <!-- @BeforeTest open_browser -->
  <testcase classname="Orange_Login.BaseClass" name="@AfterTest aftertest" time="0.0">
    <ignored/>
  </testcase> <!-- @AfterTest aftertest -->
  <testcase classname="Orange_Login.BaseClass" name="@BeforeTest open_browser" time="0.0">
    <ignored/>
  </testcase> <!-- @BeforeTest open_browser -->
  <testcase classname="Orange_Login.BaseClass" name="@BeforeTest open_browser" time="0.0">
    <ignored/>
  </testcase> <!-- @BeforeTest open_browser -->
  <testcase classname="Orange_Login.BaseClass" name="@BeforeTest open_browser" time="0.0">
    <ignored/>
  </testcase> <!-- @BeforeTest open_browser -->
</testsuite> <!-- Regression_Chrome -->
